1 => 3974,064516 209,790669  
2 => 5981,419355 239,786972  
3 => 6473,193548 165,832099  
4 => 6559,774194 167,371079  
5 => 6426,290323 179,509043  
6 => 6565,000000 203,677956  
7 => 6584,838710 203,990053  
8 => 6510,806452 196,795033  
9 => 6688,354839 127,862716  
10 => 6666,709677 118,558055  
11 => 6594,838710 184,464018  
12 => 6658,741935 134,275347  
13 => 6629,870968 167,131731  
14 => 6781,258065 196,752828  
15 => 6637,096774 227,656838  
16 => 6767,032258 131,536205  
17 => 6889,129032 123,143960  
18 => 6954,129032 146,920593  
19 => 6931,419355 118,434077  
20 => 6954,774194 122,899831  
21 => 6929,161290 138,223544  
22 => 6965,677419 112,194355  
23 => 6855,516129 195,980063  
24 => 6866,516129 174,513124  
25 => 6988,354839 123,645578  
26 => 6957,967742 173,851714  
27 => 6804,548387 202,060489  
28 => 6601,419355 283,540948  
29 => 6368,967742 222,408297  
30 => 6546,741935 244,024849  
31 => 6773,967742 195,974403  
32 => 6776,225806 151,588728  
33 => 6827,741935 138,168426  
34 => 6787,451613 125,363173  
35 => 6800,096774 152,117602  
36 => 6812,612903 129,990490  
37 => 6810,322581 100,531936  
38 => 6782,516129 114,999263  
39 => 6805,903226 96,866837  
40 => 6792,645161 93,867287  
41 => 6774,129032 119,278677  
42 => 6758,612903 122,851780  
43 => 6788,290323 108,986295  
44 => 6799,516129 93,080566  
45 => 6788,129032 116,596836  
46 => 6770,096774 78,160858  
47 => 6758,419355 94,421080  
48 => 6797,709677 139,577749  
49 => 6742,387097 132,424702  
50 => 6766,258065 114,776070  
51 => 6815,354839 123,459945  
52 => 6785,322581 104,361156  
53 => 6793,258065 126,392111  
54 => 6800,225806 142,478456  
55 => 6788,129032 117,683759  
56 => 6800,838710 173,908225  
57 => 6823,612903 104,186457  
58 => 6806,645161 137,136510  
59 => 6802,032258 77,899225  
