1 => 6110,838710 3118,951872  
2 => 7707,903226 4601,686636  
3 => 12229,064516 6191,901875  
4 => 14882,451613 6209,471791  
5 => 16034,129032 6413,599129  
6 => 9736,612903 6006,479586  
7 => 12629,935484 5593,646539  
8 => 11935,096774 5915,605978  
9 => 14580,000000 6126,356713  
10 => 12354,516129 6933,930435  
11 => 12466,354839 6476,406902  
12 => 14419,064516 6216,030924  
13 => 10857,870968 6097,691138  
14 => 15839,870968 5887,524721  
15 => 13454,806452 6016,421042  
16 => 13523,064516 5498,984633  
17 => 11263,580645 5733,235498  
18 => 13930,838710 6224,586993  
19 => 11281,806452 6623,206155  
20 => 11543,322581 6773,790650  
21 => 11856,645161 7053,452010  
22 => 13617,161290 6268,966186  
23 => 10697,451613 6601,751477  
24 => 15234,580645 6063,621769  
25 => 15997,774194 5496,969392  
26 => 14297,645161 6454,245487  
27 => 12180,903226 6518,463976  
28 => 9916,193548 5896,422958  
29 => 14472,548387 6274,272526  
30 => 13054,612903 6448,353071  
31 => 15278,064516 6720,643479  
32 => 12000,548387 7213,467534  
33 => 14110,967742 6950,958539  
34 => 15534,838710 6431,297492  
35 => 14425,967742 5964,803982  
